Build started 28/10/2015 16:41:26.
     1>Project "C:\Users\Thomas\Documents\GitHub\MYO-SMC705\UDP\myo2pd_win2\myo2pd_win2\myo2pd_win2.vcxproj" on node 2 (Build target(s)).
     1>ClCompile:
         C:\Program Files (x86)\Microsoft Visual Studio 14.0\VC\bin\CL.exe /c /I"C:\Users\Thomas\Documents\GitHub\MYO-SMC705\UDP\myo2pd_win2\myo2pd_win2\\" /I"Generated Files\\" /IDebug\ /ZI /ZW /ZW:nostdlib /nologo /W3 /WX- /sdl /MP /Od /Oy- /D _UNICODE /D UNICODE /D _DEBUG /D WINAPI_FAMILY=WINAPI_FAMILY_APP /D __WRL_NO_DEFAULT_LIB__ /Gm- /EHsc /RTC1 /MDd /GS /fp:precise /Zc:wchar_t /Zc:forScope /Zc:inline /Yu"pch.h" /Fp"Debug\myo2pd_win2.pch" /Fo"Debug\\" /Fd"Debug\vc140.pdb" /Gd /TP /wd4453 /wd28204 /FU"C:\Program Files (x86)\Microsoft Visual Studio 14.0\VC\lib\store\references\platform.winmd" /FU"C:\Program Files (x86)\Windows Kits\10\References\Windows.Foundation.FoundationContract\1.0.0.0\Windows.Foundation.FoundationContract.winmd" /FU"C:\Program Files (x86)\Windows Kits\10\References\Windows.Foundation.UniversalApiContract\1.0.0.0\Windows.Foundation.UniversalApiContract.winmd" /FU"C:\Program Files (x86)\Windows Kits\10\References\Windows.Networking.Connectivity.WwanContract\1.0.0.0\Windows.Networking.Connectivity.WwanContract.winmd" /analyze- /errorReport:prompt /bigobj MainPage.xaml.cpp
         MainPage.xaml.cpp
     1>c:\users\thomas\documents\github\myo-smc705\udp\myo2pd_win2\myo2pd_win2\mainpage.xaml.cpp(48): warning C4101: 'portNum': unreferenced local variable
     1>c:\users\thomas\documents\github\myo-smc705\udp\myo2pd_win2\myo2pd_win2\mainpage.xaml.cpp(84): warning C4447: 'main' signature found without threading model. Consider using 'int main(Platform::Array<Platform::String^>^ args)'.
       CreateWinMD:
         C:\Program Files (x86)\Microsoft Visual Studio 14.0\VC\bin\link.exe /ERRORREPORT:PROMPT /OUT:"C:\Users\Thomas\Documents\GitHub\MYO-SMC705\UDP\myo2pd_win2\Debug\myo2pd_win2\myo2pd_win2.exe" /INCREMENTAL /NOLOGO WindowsApp.lib /MANIFEST:NO /DEBUG:FASTLINK /PDB:"C:\Users\Thomas\Documents\GitHub\MYO-SMC705\UDP\myo2pd_win2\Debug\myo2pd_win2\myo2pd_win2.pdb" /SUBSYSTEM:WINDOWS /TLBID:1 /APPCONTAINER /WINMD:ONLY /WINMDFILE:"C:\Users\Thomas\Documents\GitHub\MYO-SMC705\UDP\myo2pd_win2\Debug\myo2pd_win2\myo2pd_win2.winmd" /DYNAMICBASE /NXCOMPAT /MACHINE:X86 Debug\App.xaml.obj
         Debug\MainPage.xaml.obj
         Debug\pch.obj
         Debug\XamlTypeInfo.Impl.g.obj
       Link:
         C:\Program Files (x86)\Microsoft Visual Studio 14.0\VC\bin\link.exe /ERRORREPORT:PROMPT /OUT:"C:\Users\Thomas\Documents\GitHub\MYO-SMC705\UDP\myo2pd_win2\Debug\myo2pd_win2\myo2pd_win2.exe" /INCREMENTAL /NOLOGO WindowsApp.lib /MANIFEST:NO /DEBUG:FASTLINK /PDB:"C:\Users\Thomas\Documents\GitHub\MYO-SMC705\UDP\myo2pd_win2\Debug\myo2pd_win2\myo2pd_win2.pdb" /SUBSYSTEM:WINDOWS /TLBID:1 /APPCONTAINER /WINMD:NO /WINMDFILE:"C:\Users\Thomas\Documents\GitHub\MYO-SMC705\UDP\myo2pd_win2\Debug\myo2pd_win2\myo2pd_win2.winmd" /DYNAMICBASE /NXCOMPAT /MACHINE:X86 Debug\App.xaml.obj
         Debug\MainPage.xaml.obj
         Debug\pch.obj
         Debug\XamlTypeInfo.Impl.g.obj
         Debug\XamlTypeInfo.g.obj
         myo2pd_win2.vcxproj -> C:\Users\Thomas\Documents\GitHub\MYO-SMC705\UDP\myo2pd_win2\Debug\myo2pd_win2\myo2pd_win2.exe
       _GenerateProjectPriFileCore:
         C:\Program Files (x86)\Windows Kits\10\bin\x64\MakePri.exe New -ProjectRoot C:\Users\Thomas\Documents\GitHub\MYO-SMC705\UDP\myo2pd_win2\myo2pd_win2\ -ConfigXml Debug\priconfig.xml -OutputFile C:\Users\Thomas\Documents\GitHub\MYO-SMC705\UDP\myo2pd_win2\Debug\myo2pd_win2\resources.pri -IndexName b432c8c1-5724-4ad3-a800-1ca1b3b9dbbe -Verbose -Overwrite  
     1>Done Building Project "C:\Users\Thomas\Documents\GitHub\MYO-SMC705\UDP\myo2pd_win2\myo2pd_win2\myo2pd_win2.vcxproj" (Build target(s)).

Build succeeded.

Time Elapsed 00:00:07.13
